<?xml version="1.0" encoding="UTF-8"?>
<!-- Generated by org.testng.reporters.JUnitXMLReporter -->
<testsuite ignored="0" hostname="deeapaksharma15" failures="0" tests="3" name="MyTest" time="21.912" errors="0" timestamp="2023-09-11T20:21:18 IST">
  <testcase classname="com.nagpassignment.RestAssuredNAGP.ApiTest.DeleteBookingTest" name="VerifyDeleteBookingAPIWithInvalidBookingID" time="5.377"/>
  <testcase classname="com.nagpassignment.RestAssuredNAGP.ApiTest.DeleteBookingTest" name="VerifyDeleteBookingAPIWithValidBookingID" time="6.733"/>
  <testcase classname="com.nagpassignment.RestAssuredNAGP.ApiTest.DeleteBookingTest" name="VerifyDeleteBookingAPIWithoutAuthorization" time="1.664"/>
</testsuite> <!-- MyTest -->
