<?xml version="1.0" encoding="UTF-8"?>
<testng-results ignored="0" total="3" passed="3" failed="0" skipped="0">
  <reporter-output>
  </reporter-output>
  <suite started-at="2023-09-11T20:20:56 IST" name="MyTestSuite" finished-at="2023-09-11T20:21:18 IST" duration-ms="21912">
    <groups>
    </groups>
    <test started-at="2023-09-11T20:20:56 IST" name="MyTest" finished-at="2023-09-11T20:21:18 IST" duration-ms="21912">
      <class name="com.nagpassignment.RestAssuredNAGP.ApiTest.DeleteBookingTest">
        <test-method is-config="true" signature="setUp()[pri:0, instance:com.nagpassignment.RestAssuredNAGP.ApiTest.DeleteBookingTest@4bb003e9]" started-at="2023-09-11T20:20:56 IST" name="setUp" finished-at="2023-09-11T20:20:56 IST" duration-ms="60" status="PASS">
          <reporter-output>
          </reporter-output>
        </test-method> <!-- setUp -->
        <test-method is-config="true" signature="setupBeforeMethod(org.testng.ITestResult)[pri:0, instance:com.nagpassignment.RestAssuredNAGP.ApiTest.DeleteBookingTest@4bb003e9]" started-at="2023-09-11T20:20:56 IST" name="setupBeforeMethod" finished-at="2023-09-11T20:21:02 IST" duration-ms="5873" status="PASS">
          <params>
            <param index="0">
              <value>
                <![CDATA[[TestResult name={null} status=CREATED method=DeleteBookingTest.VerifyDeleteBookingAPIWithInvalidBookingID()[pri:0, instance:com.nagpassignment.RestAssuredNAGP.ApiTest.DeleteBookingTest@4bb003e9] output={null}]]]>
              </value>
            </param>
          </params>
          <reporter-output>
          </reporter-output>
        </test-method> <!-- setupBeforeMethod -->
        <test-method signature="VerifyDeleteBookingAPIWithInvalidBookingID()[pri:0, instance:com.nagpassignment.RestAssuredNAGP.ApiTest.DeleteBookingTest@4bb003e9]" started-at="2023-09-11T20:21:02 IST" name="VerifyDeleteBookingAPIWithInvalidBookingID" finished-at="2023-09-11T20:21:07 IST" duration-ms="5377" status="PASS">
          <reporter-output>
          </reporter-output>
        </test-method> <!-- VerifyDeleteBookingAPIWithInvalidBookingID -->
        <test-method is-config="true" signature="setupBeforeMethod(org.testng.ITestResult)[pri:0, instance:com.nagpassignment.RestAssuredNAGP.ApiTest.DeleteBookingTest@4bb003e9]" started-at="2023-09-11T20:21:07 IST" name="setupBeforeMethod" finished-at="2023-09-11T20:21:08 IST" duration-ms="1003" status="PASS">
          <params>
            <param index="0">
              <value>
                <![CDATA[[TestResult name={null} status=CREATED method=DeleteBookingTest.VerifyDeleteBookingAPIWithValidBookingID()[pri:0, instance:com.nagpassignment.RestAssuredNAGP.ApiTest.DeleteBookingTest@4bb003e9] output={null}]]]>
              </value>
            </param>
          </params>
          <reporter-output>
          </reporter-output>
        </test-method> <!-- setupBeforeMethod -->
        <test-method signature="VerifyDeleteBookingAPIWithValidBookingID()[pri:0, instance:com.nagpassignment.RestAssuredNAGP.ApiTest.DeleteBookingTest@4bb003e9]" started-at="2023-09-11T20:21:08 IST" name="VerifyDeleteBookingAPIWithValidBookingID" finished-at="2023-09-11T20:21:15 IST" duration-ms="6733" status="PASS">
          <reporter-output>
          </reporter-output>
        </test-method> <!-- VerifyDeleteBookingAPIWithValidBookingID -->
        <test-method is-config="true" signature="setupBeforeMethod(org.testng.ITestResult)[pri:0, instance:com.nagpassignment.RestAssuredNAGP.ApiTest.DeleteBookingTest@4bb003e9]" started-at="2023-09-11T20:21:15 IST" name="setupBeforeMethod" finished-at="2023-09-11T20:21:16 IST" duration-ms="1228" status="PASS">
          <params>
            <param index="0">
              <value>
                <![CDATA[[TestResult name={null} status=CREATED method=DeleteBookingTest.VerifyDeleteBookingAPIWithoutAuthorization()[pri:0, instance:com.nagpassignment.RestAssuredNAGP.ApiTest.DeleteBookingTest@4bb003e9] output={null}]]]>
              </value>
            </param>
          </params>
          <reporter-output>
          </reporter-output>
        </test-method> <!-- setupBeforeMethod -->
        <test-method signature="VerifyDeleteBookingAPIWithoutAuthorization()[pri:0, instance:com.nagpassignment.RestAssuredNAGP.ApiTest.DeleteBookingTest@4bb003e9]" started-at="2023-09-11T20:21:16 IST" name="VerifyDeleteBookingAPIWithoutAuthorization" finished-at="2023-09-11T20:21:18 IST" duration-ms="1664" status="PASS">
          <reporter-output>
          </reporter-output>
        </test-method> <!-- VerifyDeleteBookingAPIWithoutAuthorization -->
        <test-method is-config="true" signature="afterSuite()[pri:0, instance:com.nagpassignment.RestAssuredNAGP.ApiTest.DeleteBookingTest@4bb003e9]" started-at="2023-09-11T20:21:18 IST" name="afterSuite" finished-at="2023-09-11T20:21:18 IST" duration-ms="209" status="PASS">
          <reporter-output>
          </reporter-output>
        </test-method> <!-- afterSuite -->
      </class> <!-- com.nagpassignment.RestAssuredNAGP.ApiTest.DeleteBookingTest -->
    </test> <!-- MyTest -->
  </suite> <!-- MyTestSuite -->
</testng-results>
